<?xml version="1.0" encoding="UTF-8"?>
<!-- Generated by org.testng.reporters.JUnitXMLReporter -->
<testsuite ignored="0" hostname="Abdulraheem" failures="0" tests="3" name="Default test" time="2.397" errors="0" timestamp="2024-06-02T18:35:18 EET">
  <testcase classname="MyTestCases" name="Login" time="0.256"/>
  <testcase classname="MyTestCases" name="verifiyTheWordProductIsThere" time="0.033"/>
  <testcase classname="MyTestCases" name="SortingItems" time="1.106"/>
</testsuite> <!-- Default test -->
