<?xml version="1.0" encoding="UTF-8"?>
<testng-results ignored="0" total="3" passed="3" failed="0" skipped="0">
  <reporter-output>
  </reporter-output>
  <suite started-at="2024-06-02T18:35:16 EET" name="Default suite" finished-at="2024-06-02T18:35:18 EET" duration-ms="2397">
    <groups>
    </groups>
    <test started-at="2024-06-02T18:35:16 EET" name="Default test" finished-at="2024-06-02T18:35:18 EET" duration-ms="2397">
      <class name="MyTestCases">
        <test-method is-config="true" signature="mySetup()[pri:0, instance:MyTestCases@18bc345]" started-at="2024-06-02T18:35:16 EET" name="mySetup" finished-at="2024-06-02T18:35:17 EET" duration-ms="976" status="PASS">
          <reporter-output>
          </reporter-output>
        </test-method> <!-- mySetup -->
        <test-method signature="Login()[pri:1, instance:MyTestCases@18bc345]" started-at="2024-06-02T18:35:17 EET" name="Login" finished-at="2024-06-02T18:35:17 EET" duration-ms="256" status="PASS">
          <reporter-output>
          </reporter-output>
        </test-method> <!-- Login -->
        <test-method signature="verifiyTheWordProductIsThere()[pri:2, instance:MyTestCases@18bc345]" started-at="2024-06-02T18:35:17 EET" name="verifiyTheWordProductIsThere" finished-at="2024-06-02T18:35:17 EET" duration-ms="33" status="PASS">
          <reporter-output>
          </reporter-output>
        </test-method> <!-- verifiyTheWordProductIsThere -->
        <test-method signature="SortingItems()[pri:3, instance:MyTestCases@18bc345]" started-at="2024-06-02T18:35:17 EET" name="SortingItems" finished-at="2024-06-02T18:35:18 EET" duration-ms="1106" status="PASS">
          <reporter-output>
          </reporter-output>
        </test-method> <!-- SortingItems -->
      </class> <!-- MyTestCases -->
    </test> <!-- Default test -->
  </suite> <!-- Default suite -->
</testng-results>
